{
  "stats": {
    "suites": 1,
    "tests": 2,
    "passes": 2,
    "pending": 0,
    "failures": 0,
    "start": "2021-06-25T12:25:07.601Z",
    "end": "2021-06-25T12:25:49.859Z",
    "duration": 42258,
    "testsRegistered": 2,
    "passPercent": 100,
    "pendingPercent": 0,
    "other": 0,
    "hasOther": false,
    "skipped": 0,
    "hasSkipped": false
  },
  "results": [
    {
      "uuid": "2789300f-06c2-4260-89f0-46165b4cf6fe",
      "title": "",
      "fullFile": "cypress/integration/demo.feature",
      "file": "cypress/integration/demo.feature",
      "beforeHooks": [],
      "afterHooks": [],
      "tests": [],
      "suites": [
        {
          "uuid": "10108d63-40e8-4981-b2a1-6d63e3506455",
          "title": "Demo Purpose for FixedDeposit and Loan functionality",
          "fullFile": "",
          "file": "",
          "beforeHooks": [],
          "afterHooks": [],
          "tests": [
            {
              "title": "Perform FD using USDT crypto in dashboard page",
              "fullTitle": "Demo Purpose for FixedDeposit and Loan functionality Perform FD using USDT crypto in dashboard page",
              "timedOut": null,
              "duration": 20761,
              "state": "passed",
              "speed": "slow",
              "pass": true,
              "fail": false,
              "pending": false,
              "context": null,
              "code": "const state = window.testState;\nreturn cy\n  .then(() => state.onStartScenario(scenario, indexedSteps))\n  .then(() =>\n    resolveAndRunBeforeHooks.call(this, scenario.tags, state.feature.name)\n  )\n  .then(() =>\n    indexedSteps.forEach((step) =>\n      stepTest.call(this, state, step, rowData)\n    )\n  )\n  .then(() => state.onFinishScenario(scenario));",
              "err": {},
              "uuid": "f8b7a3ef-6196-4f40-990d-efed1d3031dc",
              "parentUUID": "10108d63-40e8-4981-b2a1-6d63e3506455",
              "isHook": false,
              "skipped": false
            },
            {
              "title": "Perform Loan using USDT crypto",
              "fullTitle": "Demo Purpose for FixedDeposit and Loan functionality Perform Loan using USDT crypto",
              "timedOut": null,
              "duration": 15775,
              "state": "passed",
              "speed": "slow",
              "pass": true,
              "fail": false,
              "pending": false,
              "context": null,
              "code": "const state = window.testState;\nreturn cy\n  .then(() => state.onStartScenario(scenario, indexedSteps))\n  .then(() =>\n    resolveAndRunBeforeHooks.call(this, scenario.tags, state.feature.name)\n  )\n  .then(() =>\n    indexedSteps.forEach((step) =>\n      stepTest.call(this, state, step, rowData)\n    )\n  )\n  .then(() => state.onFinishScenario(scenario));",
              "err": {},
              "uuid": "04b46bcf-ca6f-49fe-9b95-4980db5a24de",
              "parentUUID": "10108d63-40e8-4981-b2a1-6d63e3506455",
              "isHook": false,
              "skipped": false
            }
          ],
          "suites": [],
          "passes": [
            "f8b7a3ef-6196-4f40-990d-efed1d3031dc",
            "04b46bcf-ca6f-49fe-9b95-4980db5a24de"
          ],
          "failures": [],
          "pending": [],
          "skipped": [],
          "duration": 36536,
          "root": false,
          "rootEmpty": false,
          "_timeout": 2000
        }
      ],
      "passes": [],
      "failures": [],
      "pending": [],
      "skipped": [],
      "duration": 0,
      "root": true,
      "rootEmpty": true,
      "_timeout": 2000
    }
  ],
  "meta": {
    "mocha": {
      "version": "7.0.1"
    },
    "mochawesome": {
      "options": {
        "quiet": false,
        "reportFilename": "report",
        "saveHtml": false,
        "saveJson": true,
        "consoleReporter": "spec",
        "useInlineDiffs": false,
        "code": true
      },
      "version": "6.2.2"
    },
    "marge": {
      "options": {
        "reportDir": "cypress/reports",
        "reportFilename": "report",
        "overwrite": false,
        "html": false,
        "json": true,
        "charts": true
      },
      "version": "5.2.0"
    }
  }
}