{
  "stats": {
    "suites": 1,
    "tests": 1,
    "passes": 1,
    "pending": 0,
    "failures": 0,
    "start": "2021-06-27T16:24:29.656Z",
    "end": "2021-06-27T16:24:58.336Z",
    "duration": 28680,
    "testsRegistered": 1,
    "passPercent": 100,
    "pendingPercent": 0,
    "other": 0,
    "hasOther": false,
    "skipped": 0,
    "hasSkipped": false
  },
  "results": [
    {
      "uuid": "11b0280b-d219-4c61-8682-04033c53f8e5",
      "title": "",
      "fullFile": "cypress/integration/dashboard.feature",
      "file": "cypress/integration/dashboard.feature",
      "beforeHooks": [],
      "afterHooks": [],
      "tests": [],
      "suites": [
        {
          "uuid": "884d2698-8ac9-4c89-a503-cae48db0dc32",
          "title": "Dashboard",
          "fullFile": "",
          "file": "",
          "beforeHooks": [],
          "afterHooks": [],
          "tests": [
            {
              "title": "Total Asset Value and Total Interest Earned is displayed in Dashboard",
              "fullTitle": "Dashboard Total Asset Value and Total Interest Earned is displayed in Dashboard",
              "timedOut": null,
              "duration": 28492,
              "state": "passed",
              "speed": "slow",
              "pass": true,
              "fail": false,
              "pending": false,
              "context": null,
              "code": "const state = window.testState;\nreturn cy\n  .then(() => state.onStartScenario(scenario, indexedSteps))\n  .then(() =>\n    resolveAndRunBeforeHooks.call(this, scenario.tags, state.feature.name)\n  )\n  .then(() =>\n    indexedSteps.forEach((step) =>\n      stepTest.call(this, state, step, rowData)\n    )\n  )\n  .then(() => state.onFinishScenario(scenario));",
              "err": {},
              "uuid": "450ed43c-7e9e-4640-9d14-9d5dd2a61200",
              "parentUUID": "884d2698-8ac9-4c89-a503-cae48db0dc32",
              "isHook": false,
              "skipped": false
            }
          ],
          "suites": [],
          "passes": [
            "450ed43c-7e9e-4640-9d14-9d5dd2a61200"
          ],
          "failures": [],
          "pending": [],
          "skipped": [],
          "duration": 28492,
          "root": false,
          "rootEmpty": false,
          "_timeout": 2000
        }
      ],
      "passes": [],
      "failures": [],
      "pending": [],
      "skipped": [],
      "duration": 0,
      "root": true,
      "rootEmpty": true,
      "_timeout": 2000
    }
  ],
  "meta": {
    "mocha": {
      "version": "7.0.1"
    },
    "mochawesome": {
      "options": {
        "quiet": false,
        "reportFilename": "report",
        "saveHtml": false,
        "saveJson": true,
        "consoleReporter": "spec",
        "useInlineDiffs": false,
        "code": true
      },
      "version": "6.2.2"
    },
    "marge": {
      "options": {
        "reportDir": "cypress/reports",
        "reportFilename": "report",
        "overwrite": false,
        "html": false,
        "json": true,
        "charts": true
      },
      "version": "5.2.0"
    }
  }
}