{
  "stats": {
    "suites": 1,
    "tests": 2,
    "passes": 0,
    "pending": 2,
    "failures": 0,
    "start": "2021-06-27T16:25:18.164Z",
    "end": "2021-06-27T16:25:18.531Z",
    "duration": 367,
    "testsRegistered": 2,
    "passPercent": null,
    "pendingPercent": 100,
    "other": 0,
    "hasOther": false,
    "skipped": 0,
    "hasSkipped": false
  },
  "results": [
    {
      "uuid": "e37f800c-87a3-4457-a29f-ae767cc7ca3d",
      "title": "",
      "fullFile": "cypress/integration/demo.feature",
      "file": "cypress/integration/demo.feature",
      "beforeHooks": [],
      "afterHooks": [],
      "tests": [],
      "suites": [
        {
          "uuid": "99653c2c-0fea-44e6-b7dc-550266c4412b",
          "title": "Demo Purpose for FixedDeposit and Loan functionality",
          "fullFile": "",
          "file": "",
          "beforeHooks": [],
          "afterHooks": [],
          "tests": [
            {
              "title": "Perform FD using USDT crypto in dashboard page",
              "fullTitle": "Demo Purpose for FixedDeposit and Loan functionality Perform FD using USDT crypto in dashboard page",
              "timedOut": null,
              "duration": 196,
              "state": "pending",
              "speed": null,
              "pass": false,
              "fail": false,
              "pending": false,
              "context": null,
              "code": "// register this scenario with the cucumber data collector\n// but don't run it\n// Tell mocha this is a skipped test so it also shows correctly in Cypress\nconst state = window.testState;\ncy.then(() => state.onStartScenario(scenario, indexedSteps))\n  .then(() => state.onFinishScenario(scenario))\n  // eslint-disable-next-line func-names\n  .then(function () {\n    return this.skip();\n  });",
              "err": {
                "message": "CypressError: sync skip; aborting execution",
                "estack": "[object Object]\nFrom Your Spec Code:\n    at Context.eval (https://uat.bankofhodlers.com/__cypress/tests?p=cypress\\integration\\demo.feature:9976:10)",
                "diff": null
              },
              "uuid": "2f00d743-d930-42ec-9f75-e0ff3f440c8d",
              "parentUUID": "99653c2c-0fea-44e6-b7dc-550266c4412b",
              "isHook": false,
              "skipped": true
            },
            {
              "title": "Perform Loan using USDT crypto",
              "fullTitle": "Demo Purpose for FixedDeposit and Loan functionality Perform Loan using USDT crypto",
              "timedOut": null,
              "duration": 48,
              "state": "pending",
              "speed": null,
              "pass": false,
              "fail": false,
              "pending": false,
              "context": null,
              "code": "// register this scenario with the cucumber data collector\n// but don't run it\n// Tell mocha this is a skipped test so it also shows correctly in Cypress\nconst state = window.testState;\ncy.then(() => state.onStartScenario(scenario, indexedSteps))\n  .then(() => state.onFinishScenario(scenario))\n  // eslint-disable-next-line func-names\n  .then(function () {\n    return this.skip();\n  });",
              "err": {
                "message": "CypressError: sync skip; aborting execution",
                "estack": "[object Object]\nFrom Your Spec Code:\n    at Context.eval (https://uat.bankofhodlers.com/__cypress/tests?p=cypress\\integration\\demo.feature:9976:10)",
                "diff": null
              },
              "uuid": "891faa0b-0e42-410a-a0b7-abd0e0d4d447",
              "parentUUID": "99653c2c-0fea-44e6-b7dc-550266c4412b",
              "isHook": false,
              "skipped": true
            }
          ],
          "suites": [],
          "passes": [],
          "failures": [],
          "pending": [],
          "skipped": [
            "2f00d743-d930-42ec-9f75-e0ff3f440c8d",
            "891faa0b-0e42-410a-a0b7-abd0e0d4d447"
          ],
          "duration": 244,
          "root": false,
          "rootEmpty": false,
          "_timeout": 2000
        }
      ],
      "passes": [],
      "failures": [],
      "pending": [],
      "skipped": [],
      "duration": 0,
      "root": true,
      "rootEmpty": true,
      "_timeout": 2000
    }
  ],
  "meta": {
    "mocha": {
      "version": "7.0.1"
    },
    "mochawesome": {
      "options": {
        "quiet": false,
        "reportFilename": "report",
        "saveHtml": false,
        "saveJson": true,
        "consoleReporter": "spec",
        "useInlineDiffs": false,
        "code": true
      },
      "version": "6.2.2"
    },
    "marge": {
      "options": {
        "reportDir": "cypress/reports",
        "reportFilename": "report",
        "overwrite": false,
        "html": false,
        "json": true,
        "charts": true
      },
      "version": "5.2.0"
    }
  }
}