{
  "stats": {
    "suites": 1,
    "tests": 2,
    "passes": 2,
    "pending": 0,
    "failures": 0,
    "start": "2021-06-25T13:12:12.197Z",
    "end": "2021-06-25T13:13:15.053Z",
    "duration": 62856,
    "testsRegistered": 2,
    "passPercent": 100,
    "pendingPercent": 0,
    "other": 0,
    "hasOther": false,
    "skipped": 0,
    "hasSkipped": false
  },
  "results": [
    {
      "uuid": "1ff14dcd-ca60-41d9-8803-7215f312b911",
      "title": "",
      "fullFile": "cypress/integration/demo.feature",
      "file": "cypress/integration/demo.feature",
      "beforeHooks": [],
      "afterHooks": [],
      "tests": [],
      "suites": [
        {
          "uuid": "ed2be8e0-bbe0-4789-abc9-d258c96797e9",
          "title": "Demo Purpose for FixedDeposit and Loan functionality",
          "fullFile": "",
          "file": "",
          "beforeHooks": [],
          "afterHooks": [],
          "tests": [
            {
              "title": "Perform FD using USDT crypto in dashboard page",
              "fullTitle": "Demo Purpose for FixedDeposit and Loan functionality Perform FD using USDT crypto in dashboard page",
              "timedOut": null,
              "duration": 31650,
              "state": "passed",
              "speed": "slow",
              "pass": true,
              "fail": false,
              "pending": false,
              "context": null,
              "code": "const state = window.testState;\nreturn cy\n  .then(() => state.onStartScenario(scenario, indexedSteps))\n  .then(() =>\n    resolveAndRunBeforeHooks.call(this, scenario.tags, state.feature.name)\n  )\n  .then(() =>\n    indexedSteps.forEach((step) =>\n      stepTest.call(this, state, step, rowData)\n    )\n  )\n  .then(() => state.onFinishScenario(scenario));",
              "err": {},
              "uuid": "45f6eef0-c2cc-45a2-b2bf-fedaa66a390a",
              "parentUUID": "ed2be8e0-bbe0-4789-abc9-d258c96797e9",
              "isHook": false,
              "skipped": false
            },
            {
              "title": "Perform Loan using USDT crypto",
              "fullTitle": "Demo Purpose for FixedDeposit and Loan functionality Perform Loan using USDT crypto",
              "timedOut": null,
              "duration": 22364,
              "state": "passed",
              "speed": "slow",
              "pass": true,
              "fail": false,
              "pending": false,
              "context": null,
              "code": "const state = window.testState;\nreturn cy\n  .then(() => state.onStartScenario(scenario, indexedSteps))\n  .then(() =>\n    resolveAndRunBeforeHooks.call(this, scenario.tags, state.feature.name)\n  )\n  .then(() =>\n    indexedSteps.forEach((step) =>\n      stepTest.call(this, state, step, rowData)\n    )\n  )\n  .then(() => state.onFinishScenario(scenario));",
              "err": {},
              "uuid": "e127ffd9-e779-406b-80f9-eaeb943f514b",
              "parentUUID": "ed2be8e0-bbe0-4789-abc9-d258c96797e9",
              "isHook": false,
              "skipped": false
            }
          ],
          "suites": [],
          "passes": [
            "45f6eef0-c2cc-45a2-b2bf-fedaa66a390a",
            "e127ffd9-e779-406b-80f9-eaeb943f514b"
          ],
          "failures": [],
          "pending": [],
          "skipped": [],
          "duration": 54014,
          "root": false,
          "rootEmpty": false,
          "_timeout": 2000
        }
      ],
      "passes": [],
      "failures": [],
      "pending": [],
      "skipped": [],
      "duration": 0,
      "root": true,
      "rootEmpty": true,
      "_timeout": 2000
    }
  ],
  "meta": {
    "mocha": {
      "version": "7.0.1"
    },
    "mochawesome": {
      "options": {
        "quiet": false,
        "reportFilename": "report",
        "saveHtml": false,
        "saveJson": true,
        "consoleReporter": "spec",
        "useInlineDiffs": false,
        "code": true
      },
      "version": "6.2.2"
    },
    "marge": {
      "options": {
        "reportDir": "cypress/reports",
        "reportFilename": "report",
        "overwrite": false,
        "html": false,
        "json": true,
        "charts": true
      },
      "version": "5.2.0"
    }
  }
}